<?xml version="1.0" encoding="UTF-8"?>
<!-- Generated by org.testng.reporters.JUnitXMLReporter -->
<testsuite ignored="2" hostname="Gangadaran" failures="0" tests="3" name="Test" time="34.245" errors="0" timestamp="2022-09-11T09:14:52 IST">
  <testcase classname="com.leafBot.testcases.TC001_LoginLogOut" name="createLeaf" time="1.726"/>
  <testcase classname="com.leafBot.testcases.TC003_CreateLead" name="createLead" time="11.111"/>
  <testcase classname="com.leafBot.testcases.TC003_CreateLead" name="createLead" time="9.92"/>
  <testcase classname="utils.Reporter" name="@BeforeSuite startReport" time="0.0">
    <ignored/>
  </testcase> <!-- @BeforeSuite startReport -->
  <testcase classname="utils.Reporter" name="@AfterSuite stopReport" time="0.0">
    <ignored/>
  </testcase> <!-- @AfterSuite stopReport -->
</testsuite> <!-- Test -->
