<?xml version="1.0" encoding="UTF-8"?>
<!-- Generated by org.testng.reporters.JUnitXMLReporter -->
<testsuite ignored="2" hostname="Gangadaran" failures="0" tests="3" name="Test" time="40.347" errors="0" timestamp="2022-09-11T13:21:02 IST">
  <testcase classname="com.leafBot.testcases.TC001_LoginLogOut" name="createLeaf" time="1.752"/>
  <testcase classname="com.leafBot.testcases.TC003_CreateLead" name="createLead" time="12.631"/>
  <testcase classname="com.leafBot.testcases.TC003_CreateLead" name="createLead" time="11.305"/>
  <testcase classname="utils.Reporter" name="@BeforeSuite startReport" time="0.0">
    <ignored/>
  </testcase> <!-- @BeforeSuite startReport -->
  <testcase classname="utils.Reporter" name="@AfterSuite stopReport" time="0.0">
    <ignored/>
  </testcase> <!-- @AfterSuite stopReport -->
</testsuite> <!-- Test -->
