<?xml version="1.0" encoding="UTF-8"?>
<testng-results ignored="2" total="5" passed="3" failed="0" skipped="0">
  <reporter-output>
  </reporter-output>
  <suite started-at="2022-09-11T13:20:21 IST" name="Suite" finished-at="2022-09-11T13:21:02 IST" duration-ms="40347">
    <groups>
      <group name="cucumber">
        <method signature="AbstractTestNGCucumberTests.runScenario(io.cucumber.testng.PickleWrapper,io.cucumber.testng.FeatureWrapper)[pri:0, instance:com.leafBot.testcases.TC001_LoginLogOut@13fd2ccd]" name="runScenario" class="io.cucumber.testng.AbstractTestNGCucumberTests"/>
        <method signature="AbstractTestNGCucumberTests.runScenario(io.cucumber.testng.PickleWrapper,io.cucumber.testng.FeatureWrapper)[pri:0, instance:com.leafBot.testcases.TC003_CreateLead@7db12bb6]" name="runScenario" class="io.cucumber.testng.AbstractTestNGCucumberTests"/>
      </group> <!-- cucumber -->
    </groups>
    <test started-at="2022-09-11T13:20:21 IST" name="Test" finished-at="2022-09-11T13:21:02 IST" duration-ms="40347">
      <class name="com.leafBot.testcases.TC001_LoginLogOut">
        <test-method is-config="true" signature="startReport()[pri:0, instance:com.leafBot.testcases.TC001_LoginLogOut@13fd2ccd]" started-at="2022-09-11T13:20:20 IST" name="startReport" finished-at="2022-09-11T13:20:21 IST" duration-ms="887" status="PASS">
          <reporter-output>
          </reporter-output>
        </test-method> <!-- startReport -->
        <test-method is-config="true" signature="setValues()[pri:0, instance:com.leafBot.testcases.TC001_LoginLogOut@13fd2ccd]" started-at="2022-09-11T13:20:21 IST" name="setValues" finished-at="2022-09-11T13:20:21 IST" duration-ms="0" status="PASS">
          <reporter-output>
          </reporter-output>
        </test-method> <!-- setValues -->
        <test-method is-config="true" signature="setUpClass()[pri:0, instance:com.leafBot.testcases.TC001_LoginLogOut@13fd2ccd]" started-at="2022-09-11T13:20:21 IST" name="setUpClass" finished-at="2022-09-11T13:20:22 IST" duration-ms="400" status="PASS">
          <reporter-output>
          </reporter-output>
        </test-method> <!-- setUpClass -->
        <test-method is-config="true" signature="report()[pri:0, instance:com.leafBot.testcases.TC001_LoginLogOut@13fd2ccd]" started-at="2022-09-11T13:20:22 IST" name="report" finished-at="2022-09-11T13:20:22 IST" duration-ms="2" status="PASS">
          <reporter-output>
          </reporter-output>
        </test-method> <!-- report -->
        <test-method is-config="true" signature="beforeMethod()[pri:0, instance:com.leafBot.testcases.TC001_LoginLogOut@13fd2ccd]" started-at="2022-09-11T13:20:23 IST" name="beforeMethod" finished-at="2022-09-11T13:20:30 IST" duration-ms="7102" status="PASS">
          <reporter-output>
          </reporter-output>
        </test-method> <!-- beforeMethod -->
        <test-method signature="createLeaf(java.lang.String,java.lang.String)[pri:0, instance:com.leafBot.testcases.TC001_LoginLogOut@13fd2ccd]" started-at="2022-09-11T13:20:30 IST" name="createLeaf" data-provider="fetchData" finished-at="2022-09-11T13:20:32 IST" duration-ms="1752" status="PASS">
          <params>
            <param index="0">
              <value>
                <![CDATA[DemoCSR]]>
              </value>
            </param>
            <param index="1">
              <value>
                <![CDATA[crmsfa]]>
              </value>
            </param>
          </params>
          <reporter-output>
          </reporter-output>
        </test-method> <!-- createLeaf -->
        <test-method is-config="true" signature="afterMethod()[pri:0, instance:com.leafBot.testcases.TC001_LoginLogOut@13fd2ccd]" started-at="2022-09-11T13:20:32 IST" name="afterMethod" finished-at="2022-09-11T13:20:32 IST" duration-ms="398" status="PASS">
          <reporter-output>
          </reporter-output>
        </test-method> <!-- afterMethod -->
        <test-method is-config="true" signature="tearDownClass()[pri:0, instance:com.leafBot.testcases.TC001_LoginLogOut@13fd2ccd]" started-at="2022-09-11T13:20:32 IST" name="tearDownClass" finished-at="2022-09-11T13:20:32 IST" duration-ms="15" status="PASS">
          <reporter-output>
          </reporter-output>
        </test-method> <!-- tearDownClass -->
        <test-method is-config="true" signature="stopReport()[pri:0, instance:com.leafBot.testcases.TC001_LoginLogOut@13fd2ccd]" started-at="2022-09-11T13:21:02 IST" name="stopReport" finished-at="2022-09-11T13:21:02 IST" duration-ms="413" status="PASS">
          <reporter-output>
          </reporter-output>
        </test-method> <!-- stopReport -->
      </class> <!-- com.leafBot.testcases.TC001_LoginLogOut -->
      <class name="com.leafBot.testcases.TC003_CreateLead">
        <test-method is-config="true" signature="setData()[pri:0, instance:com.leafBot.testcases.TC003_CreateLead@7db12bb6]" started-at="2022-09-11T13:20:21 IST" name="setData" finished-at="2022-09-11T13:20:21 IST" duration-ms="0" status="PASS">
          <reporter-output>
          </reporter-output>
        </test-method> <!-- setData -->
        <test-method is-config="true" signature="setUpClass()[pri:0, instance:com.leafBot.testcases.TC003_CreateLead@7db12bb6]" started-at="2022-09-11T13:20:21 IST" name="setUpClass" finished-at="2022-09-11T13:20:22 IST" duration-ms="400" status="PASS">
          <reporter-output>
          </reporter-output>
        </test-method> <!-- setUpClass -->
        <test-method is-config="true" signature="report()[pri:0, instance:com.leafBot.testcases.TC003_CreateLead@7db12bb6]" started-at="2022-09-11T13:20:22 IST" name="report" finished-at="2022-09-11T13:20:22 IST" duration-ms="5" status="PASS">
          <reporter-output>
          </reporter-output>
        </test-method> <!-- report -->
        <test-method is-config="true" signature="beforeMethod()[pri:0, instance:com.leafBot.testcases.TC003_CreateLead@7db12bb6]" started-at="2022-09-11T13:20:23 IST" name="beforeMethod" finished-at="2022-09-11T13:20:30 IST" duration-ms="7101" status="PASS">
          <reporter-output>
          </reporter-output>
        </test-method> <!-- beforeMethod -->
        <test-method signature="createLead(java.lang.String,java.lang.String,java.lang.String,java.lang.String,java.lang.String,java.lang.String)[pri:0, instance:com.leafBot.testcases.TC003_CreateLead@7db12bb6]" started-at="2022-09-11T13:20:30 IST" name="createLead" data-provider="fetchData" finished-at="2022-09-11T13:20:43 IST" duration-ms="12631" status="PASS">
          <params>
            <param index="0">
              <value>
                <![CDATA[DemoSalesManager]]>
              </value>
            </param>
            <param index="1">
              <value>
                <![CDATA[crmsfa]]>
              </value>
            </param>
            <param index="2">
              <value>
                <![CDATA[TestLeaf]]>
              </value>
            </param>
            <param index="3">
              <value>
                <![CDATA[Babu]]>
              </value>
            </param>
            <param index="4">
              <value>
                <![CDATA[M]]>
              </value>
            </param>
            <param index="5">
              <value>
                <![CDATA[babu@testleaf.com]]>
              </value>
            </param>
          </params>
          <reporter-output>
          </reporter-output>
        </test-method> <!-- createLead -->
        <test-method is-config="true" signature="afterMethod()[pri:0, instance:com.leafBot.testcases.TC003_CreateLead@7db12bb6]" started-at="2022-09-11T13:20:43 IST" name="afterMethod" finished-at="2022-09-11T13:20:46 IST" duration-ms="2667" status="PASS">
          <reporter-output>
          </reporter-output>
        </test-method> <!-- afterMethod -->
        <test-method is-config="true" signature="beforeMethod()[pri:0, instance:com.leafBot.testcases.TC003_CreateLead@7db12bb6]" started-at="2022-09-11T13:20:46 IST" name="beforeMethod" finished-at="2022-09-11T13:20:48 IST" duration-ms="2377" status="PASS">
          <reporter-output>
          </reporter-output>
        </test-method> <!-- beforeMethod -->
        <test-method signature="createLead(java.lang.String,java.lang.String,java.lang.String,java.lang.String,java.lang.String,java.lang.String)[pri:0, instance:com.leafBot.testcases.TC003_CreateLead@7db12bb6]" started-at="2022-09-11T13:20:48 IST" name="createLead" data-provider="fetchData" finished-at="2022-09-11T13:20:59 IST" duration-ms="11305" status="PASS">
          <params>
            <param index="0">
              <value>
                <![CDATA[DemoSalesManager]]>
              </value>
            </param>
            <param index="1">
              <value>
                <![CDATA[crmsfa]]>
              </value>
            </param>
            <param index="2">
              <value>
                <![CDATA[Qeagle]]>
              </value>
            </param>
            <param index="3">
              <value>
                <![CDATA[Hari]]>
              </value>
            </param>
            <param index="4">
              <value>
                <![CDATA[R]]>
              </value>
            </param>
            <param index="5">
              <value>
                <![CDATA[hari@testleaf.com]]>
              </value>
            </param>
          </params>
          <reporter-output>
          </reporter-output>
        </test-method> <!-- createLead -->
        <test-method is-config="true" signature="afterMethod()[pri:0, instance:com.leafBot.testcases.TC003_CreateLead@7db12bb6]" started-at="2022-09-11T13:20:59 IST" name="afterMethod" finished-at="2022-09-11T13:21:02 IST" duration-ms="2385" status="PASS">
          <reporter-output>
          </reporter-output>
        </test-method> <!-- afterMethod -->
        <test-method is-config="true" signature="tearDownClass()[pri:0, instance:com.leafBot.testcases.TC003_CreateLead@7db12bb6]" started-at="2022-09-11T13:21:02 IST" name="tearDownClass" finished-at="2022-09-11T13:21:02 IST" duration-ms="1" status="PASS">
          <reporter-output>
          </reporter-output>
        </test-method> <!-- tearDownClass -->
      </class> <!-- com.leafBot.testcases.TC003_CreateLead -->
    </test> <!-- Test -->
  </suite> <!-- Suite -->
</testng-results>
