<?xml version="1.0" encoding="UTF-8"?>
<testng-results ignored="2" total="5" passed="3" failed="0" skipped="0">
  <reporter-output>
  </reporter-output>
  <suite started-at="2022-09-11T09:14:18 IST" name="Suite" finished-at="2022-09-11T09:14:52 IST" duration-ms="34245">
    <groups>
      <group name="cucumber">
        <method signature="AbstractTestNGCucumberTests.runScenario(io.cucumber.testng.PickleWrapper,io.cucumber.testng.FeatureWrapper)[pri:0, instance:com.leafBot.testcases.TC001_LoginLogOut@2b40ff9c]" name="runScenario" class="io.cucumber.testng.AbstractTestNGCucumberTests"/>
        <method signature="AbstractTestNGCucumberTests.runScenario(io.cucumber.testng.PickleWrapper,io.cucumber.testng.FeatureWrapper)[pri:0, instance:com.leafBot.testcases.TC003_CreateLead@6be968ce]" name="runScenario" class="io.cucumber.testng.AbstractTestNGCucumberTests"/>
      </group> <!-- cucumber -->
    </groups>
    <test started-at="2022-09-11T09:14:18 IST" name="Test" finished-at="2022-09-11T09:14:52 IST" duration-ms="34245">
      <class name="com.leafBot.testcases.TC001_LoginLogOut">
        <test-method is-config="true" signature="startReport()[pri:0, instance:com.leafBot.testcases.TC001_LoginLogOut@2b40ff9c]" started-at="2022-09-11T09:14:18 IST" name="startReport" finished-at="2022-09-11T09:14:18 IST" duration-ms="230" status="PASS">
          <reporter-output>
          </reporter-output>
        </test-method> <!-- startReport -->
        <test-method is-config="true" signature="setValues()[pri:0, instance:com.leafBot.testcases.TC001_LoginLogOut@2b40ff9c]" started-at="2022-09-11T09:14:18 IST" name="setValues" finished-at="2022-09-11T09:14:18 IST" duration-ms="1" status="PASS">
          <reporter-output>
          </reporter-output>
        </test-method> <!-- setValues -->
        <test-method is-config="true" signature="setUpClass()[pri:0, instance:com.leafBot.testcases.TC001_LoginLogOut@2b40ff9c]" started-at="2022-09-11T09:14:18 IST" name="setUpClass" finished-at="2022-09-11T09:14:18 IST" duration-ms="255" status="PASS">
          <reporter-output>
          </reporter-output>
        </test-method> <!-- setUpClass -->
        <test-method is-config="true" signature="report()[pri:0, instance:com.leafBot.testcases.TC001_LoginLogOut@2b40ff9c]" started-at="2022-09-11T09:14:18 IST" name="report" finished-at="2022-09-11T09:14:18 IST" duration-ms="6" status="PASS">
          <reporter-output>
          </reporter-output>
        </test-method> <!-- report -->
        <test-method is-config="true" signature="beforeMethod()[pri:0, instance:com.leafBot.testcases.TC001_LoginLogOut@2b40ff9c]" started-at="2022-09-11T09:14:19 IST" name="beforeMethod" finished-at="2022-09-11T09:14:25 IST" duration-ms="5733" status="PASS">
          <reporter-output>
          </reporter-output>
        </test-method> <!-- beforeMethod -->
        <test-method signature="createLeaf(java.lang.String,java.lang.String)[pri:0, instance:com.leafBot.testcases.TC001_LoginLogOut@2b40ff9c]" started-at="2022-09-11T09:14:25 IST" name="createLeaf" data-provider="fetchData" finished-at="2022-09-11T09:14:27 IST" duration-ms="1726" status="PASS">
          <params>
            <param index="0">
              <value>
                <![CDATA[DemoCSR]]>
              </value>
            </param>
            <param index="1">
              <value>
                <![CDATA[crmsfa]]>
              </value>
            </param>
          </params>
          <reporter-output>
          </reporter-output>
        </test-method> <!-- createLeaf -->
        <test-method is-config="true" signature="afterMethod()[pri:0, instance:com.leafBot.testcases.TC001_LoginLogOut@2b40ff9c]" started-at="2022-09-11T09:14:27 IST" name="afterMethod" finished-at="2022-09-11T09:14:30 IST" duration-ms="2650" status="PASS">
          <reporter-output>
          </reporter-output>
        </test-method> <!-- afterMethod -->
        <test-method is-config="true" signature="tearDownClass()[pri:0, instance:com.leafBot.testcases.TC001_LoginLogOut@2b40ff9c]" started-at="2022-09-11T09:14:30 IST" name="tearDownClass" finished-at="2022-09-11T09:14:30 IST" duration-ms="21" status="PASS">
          <reporter-output>
          </reporter-output>
        </test-method> <!-- tearDownClass -->
        <test-method is-config="true" signature="stopReport()[pri:0, instance:com.leafBot.testcases.TC001_LoginLogOut@2b40ff9c]" started-at="2022-09-11T09:14:52 IST" name="stopReport" finished-at="2022-09-11T09:14:53 IST" duration-ms="589" status="PASS">
          <reporter-output>
          </reporter-output>
        </test-method> <!-- stopReport -->
      </class> <!-- com.leafBot.testcases.TC001_LoginLogOut -->
      <class name="com.leafBot.testcases.TC003_CreateLead">
        <test-method is-config="true" signature="setData()[pri:0, instance:com.leafBot.testcases.TC003_CreateLead@6be968ce]" started-at="2022-09-11T09:14:18 IST" name="setData" finished-at="2022-09-11T09:14:18 IST" duration-ms="0" status="PASS">
          <reporter-output>
          </reporter-output>
        </test-method> <!-- setData -->
        <test-method is-config="true" signature="setUpClass()[pri:0, instance:com.leafBot.testcases.TC003_CreateLead@6be968ce]" started-at="2022-09-11T09:14:18 IST" name="setUpClass" finished-at="2022-09-11T09:14:18 IST" duration-ms="255" status="PASS">
          <reporter-output>
          </reporter-output>
        </test-method> <!-- setUpClass -->
        <test-method is-config="true" signature="report()[pri:0, instance:com.leafBot.testcases.TC003_CreateLead@6be968ce]" started-at="2022-09-11T09:14:18 IST" name="report" finished-at="2022-09-11T09:14:18 IST" duration-ms="6" status="PASS">
          <reporter-output>
          </reporter-output>
        </test-method> <!-- report -->
        <test-method is-config="true" signature="beforeMethod()[pri:0, instance:com.leafBot.testcases.TC003_CreateLead@6be968ce]" started-at="2022-09-11T09:14:19 IST" name="beforeMethod" finished-at="2022-09-11T09:14:25 IST" duration-ms="5788" status="PASS">
          <reporter-output>
          </reporter-output>
        </test-method> <!-- beforeMethod -->
        <test-method signature="createLead(java.lang.String,java.lang.String,java.lang.String,java.lang.String,java.lang.String,java.lang.String)[pri:0, instance:com.leafBot.testcases.TC003_CreateLead@6be968ce]" started-at="2022-09-11T09:14:25 IST" name="createLead" data-provider="fetchData" finished-at="2022-09-11T09:14:36 IST" duration-ms="11111" status="PASS">
          <params>
            <param index="0">
              <value>
                <![CDATA[DemoSalesManager]]>
              </value>
            </param>
            <param index="1">
              <value>
                <![CDATA[crmsfa]]>
              </value>
            </param>
            <param index="2">
              <value>
                <![CDATA[TestLeaf]]>
              </value>
            </param>
            <param index="3">
              <value>
                <![CDATA[Babu]]>
              </value>
            </param>
            <param index="4">
              <value>
                <![CDATA[M]]>
              </value>
            </param>
            <param index="5">
              <value>
                <![CDATA[babu@testleaf.com]]>
              </value>
            </param>
          </params>
          <reporter-output>
          </reporter-output>
        </test-method> <!-- createLead -->
        <test-method is-config="true" signature="afterMethod()[pri:0, instance:com.leafBot.testcases.TC003_CreateLead@6be968ce]" started-at="2022-09-11T09:14:36 IST" name="afterMethod" finished-at="2022-09-11T09:14:39 IST" duration-ms="2404" status="PASS">
          <reporter-output>
          </reporter-output>
        </test-method> <!-- afterMethod -->
        <test-method is-config="true" signature="beforeMethod()[pri:0, instance:com.leafBot.testcases.TC003_CreateLead@6be968ce]" started-at="2022-09-11T09:14:39 IST" name="beforeMethod" finished-at="2022-09-11T09:14:40 IST" duration-ms="1285" status="PASS">
          <reporter-output>
          </reporter-output>
        </test-method> <!-- beforeMethod -->
        <test-method signature="createLead(java.lang.String,java.lang.String,java.lang.String,java.lang.String,java.lang.String,java.lang.String)[pri:0, instance:com.leafBot.testcases.TC003_CreateLead@6be968ce]" started-at="2022-09-11T09:14:40 IST" name="createLead" data-provider="fetchData" finished-at="2022-09-11T09:14:50 IST" duration-ms="9920" status="PASS">
          <params>
            <param index="0">
              <value>
                <![CDATA[DemoSalesManager]]>
              </value>
            </param>
            <param index="1">
              <value>
                <![CDATA[crmsfa]]>
              </value>
            </param>
            <param index="2">
              <value>
                <![CDATA[Qeagle]]>
              </value>
            </param>
            <param index="3">
              <value>
                <![CDATA[Hari]]>
              </value>
            </param>
            <param index="4">
              <value>
                <![CDATA[R]]>
              </value>
            </param>
            <param index="5">
              <value>
                <![CDATA[hari@testleaf.com]]>
              </value>
            </param>
          </params>
          <reporter-output>
          </reporter-output>
        </test-method> <!-- createLead -->
        <test-method is-config="true" signature="afterMethod()[pri:0, instance:com.leafBot.testcases.TC003_CreateLead@6be968ce]" started-at="2022-09-11T09:14:50 IST" name="afterMethod" finished-at="2022-09-11T09:14:52 IST" duration-ms="2408" status="PASS">
          <reporter-output>
          </reporter-output>
        </test-method> <!-- afterMethod -->
        <test-method is-config="true" signature="tearDownClass()[pri:0, instance:com.leafBot.testcases.TC003_CreateLead@6be968ce]" started-at="2022-09-11T09:14:52 IST" name="tearDownClass" finished-at="2022-09-11T09:14:52 IST" duration-ms="6" status="PASS">
          <reporter-output>
          </reporter-output>
        </test-method> <!-- tearDownClass -->
      </class> <!-- com.leafBot.testcases.TC003_CreateLead -->
    </test> <!-- Test -->
  </suite> <!-- Suite -->
</testng-results>
